<?xml version="1.0" encoding="UTF-8"?>
<!-- Generated by org.testng.reporters.JUnitReportReporter -->
<testsuite hostname="DESKTOP-V2A71RA" failures="0" tests="13" name="MyRunner.TestRunner" time="199.848" errors="0" timestamp="2021-10-13T18:46:19 IST" skipped="0">
  <testcase classname="MyRunner.TestRunner" name="runScenario" time="8.222"/>
  <system-out/>
  <testcase classname="MyRunner.TestRunner" name="runScenario" time="19.048"/>
  <system-out/>
  <testcase classname="MyRunner.TestRunner" name="runScenario" time="12.517"/>
  <system-out/>
  <testcase classname="MyRunner.TestRunner" name="runScenario" time="14.324"/>
  <system-out/>
  <testcase classname="MyRunner.TestRunner" name="runScenario" time="16.341"/>
  <system-out/>
  <testcase classname="MyRunner.TestRunner" name="runScenario" time="15.682"/>
  <system-out/>
  <testcase classname="MyRunner.TestRunner" name="runScenario" time="16.972"/>
  <system-out/>
  <testcase classname="MyRunner.TestRunner" name="runScenario" time="37.084"/>
  <system-out/>
  <testcase classname="MyRunner.TestRunner" name="runScenario" time="15.285"/>
  <system-out/>
  <testcase classname="MyRunner.TestRunner" name="runScenario" time="9.085"/>
  <system-out/>
  <testcase classname="MyRunner.TestRunner" name="runScenario" time="14.707"/>
  <system-out/>
  <testcase classname="MyRunner.TestRunner" name="runScenario" time="8.857"/>
  <system-out/>
  <testcase classname="MyRunner.TestRunner" name="runScenario" time="11.724"/>
  <system-out/>
</testsuite> <!-- MyRunner.TestRunner -->
